<?xml version="1.0" encoding="UTF-8"?>
<!-- Generated by org.testng.reporters.JUnitReportReporter -->
<testsuite hostname="DESKTOP-HJPJ2UA" failures="0" tests="1" name="driverInitilization.Base" time="9.057" errors="0" timestamp="2022-12-08T15:27:30 IST" skipped="0">
  <testcase classname="driverInitilization.Base" name="main" time="9.057"/>
  <system-out/>
</testsuite> <!-- driverInitilization.Base -->
